Start testing: Sep 07 17:23 MSK
----------------------------------------------------------
1/1 Testing: test_smart_pointers
1/1 Test: test_smart_pointers
Command: "/home/niko_std/projects/cpp/labs/SmartPtr/build/test_smart_pointers"
Directory: /home/niko_std/projects/cpp/labs/SmartPtr/build
"test_smart_pointers" start time: Sep 07 17:23 MSK
Output:
----------------------------------------------------------
[==========] Running 11 tests from 1 test suite.
[----------] Global test environment set-up.
[----------] 11 tests from UniquePtrTest
[ RUN      ] UniquePtrTest.DefaultConstructor
[       OK ] UniquePtrTest.DefaultConstructor (0 ms)
[ RUN      ] UniquePtrTest.PointerConstructor
[       OK ] UniquePtrTest.PointerConstructor (0 ms)
[ RUN      ] UniquePtrTest.Destructor
[       OK ] UniquePtrTest.Destructor (0 ms)
[ RUN      ] UniquePtrTest.MoveConstructor
[       OK ] UniquePtrTest.MoveConstructor (0 ms)
[ RUN      ] UniquePtrTest.MoveAssignmentOperator
[       OK ] UniquePtrTest.MoveAssignmentOperator (0 ms)
[ RUN      ] UniquePtrTest.DereferenceOperator
[       OK ] UniquePtrTest.DereferenceOperator (0 ms)
[ RUN      ] UniquePtrTest.ArrowOperator
[       OK ] UniquePtrTest.ArrowOperator (0 ms)
[ RUN      ] UniquePtrTest.GetMethod
[       OK ] UniquePtrTest.GetMethod (0 ms)
[ RUN      ] UniquePtrTest.ReleaseMethod
[       OK ] UniquePtrTest.ReleaseMethod (0 ms)
[ RUN      ] UniquePtrTest.ResetMethod
[       OK ] UniquePtrTest.ResetMethod (0 ms)
[ RUN      ] UniquePtrTest.ComparisonOperators
[       OK ] UniquePtrTest.ComparisonOperators (0 ms)
[----------] 11 tests from UniquePtrTest (0 ms total)

[----------] Global test environment tear-down
[==========] 11 tests from 1 test suite ran. (0 ms total)
[  PASSED  ] 11 tests.
<end of output>
Test time =   0.01 sec
----------------------------------------------------------
Test Passed.
"test_smart_pointers" end time: Sep 07 17:23 MSK
"test_smart_pointers" time elapsed: 00:00:00
----------------------------------------------------------

End testing: Sep 07 17:23 MSK
